0 info it worked if it ends with ok
1 verbose cli [ 'node', '/usr/local/bin/npm', 'install', 'array-flatten' ]
2 info using npm@1.4.28
3 info using node@v0.10.33
4 verbose readDependencies using package.json deps
5 verbose cache add [ 'array-flatten', null ]
6 verbose cache add name=undefined spec="array-flatten" args=["array-flatten",null]
7 verbose parsed url { protocol: null,
7 verbose parsed url   slashes: null,
7 verbose parsed url   auth: null,
7 verbose parsed url   host: null,
7 verbose parsed url   port: null,
7 verbose parsed url   hostname: null,
7 verbose parsed url   hash: null,
7 verbose parsed url   search: null,
7 verbose parsed url   query: null,
7 verbose parsed url   pathname: 'array-flatten',
7 verbose parsed url   path: 'array-flatten',
7 verbose parsed url   href: 'array-flatten' }
8 silly lockFile bfba3052-array-flatten array-flatten
9 verbose lock array-flatten /Users/mobiledev/.npm/bfba3052-array-flatten.lock
10 silly lockFile bfba3052-array-flatten array-flatten
11 silly lockFile bfba3052-array-flatten array-flatten
12 verbose addNamed [ 'array-flatten', '' ]
13 verbose addNamed [ null, '*' ]
14 silly lockFile 6736a3f4-array-flatten array-flatten@
15 verbose lock array-flatten@ /Users/mobiledev/.npm/6736a3f4-array-flatten.lock
16 silly addNameRange { name: 'array-flatten', range: '*', hasData: false }
17 verbose request where is /array-flatten
18 verbose request registry https://registry.npmjs.org/
19 verbose request id 427bbd1a3905cd3b
20 verbose url raw /array-flatten
21 verbose url resolving [ 'https://registry.npmjs.org/', './array-flatten' ]
22 verbose url resolved https://registry.npmjs.org/array-flatten
23 verbose request where is https://registry.npmjs.org/array-flatten
24 info trying registry request attempt 1 at 16:30:06
25 verbose etag "B4LSNXLU4LRAVGL8XKS6PHHN8"
26 http GET https://registry.npmjs.org/array-flatten
27 info retry will retry, error on last attempt: Error: tunneling socket could not be established, cause=140735240151808:error:140770FC:SSL routines:SSL23_GET_SERVER_HELLO:unknown protocol:../deps/openssl/openssl/ssl/s23_clnt.c:795:
28 info trying registry request attempt 2 at 16:30:16
29 verbose etag "B4LSNXLU4LRAVGL8XKS6PHHN8"
30 http GET https://registry.npmjs.org/array-flatten
31 info retry will retry, error on last attempt: Error: tunneling socket could not be established, cause=140735240151808:error:140770FC:SSL routines:SSL23_GET_SERVER_HELLO:unknown protocol:../deps/openssl/openssl/ssl/s23_clnt.c:795:
32 info trying registry request attempt 3 at 16:31:16
33 verbose etag "B4LSNXLU4LRAVGL8XKS6PHHN8"
34 http GET https://registry.npmjs.org/array-flatten
35 silly registry.get cb [ 304, undefined ]
36 verbose etag https://registry.npmjs.org/array-flatten from cache
37 silly addNameRange number 2 { name: 'array-flatten', range: '*', hasData: true }
38 silly addNameRange versions [ 'array-flatten',
38 silly addNameRange   [ '0.0.2',
38 silly addNameRange     '0.0.3',
38 silly addNameRange     '1.0.0',
38 silly addNameRange     '1.0.1',
38 silly addNameRange     '1.0.2',
38 silly addNameRange     '1.1.0',
38 silly addNameRange     '1.1.1',
38 silly addNameRange     '2.0.0',
38 silly addNameRange     '2.1.0' ] ]
39 verbose addNamed [ 'array-flatten', '2.1.0' ]
40 verbose addNamed [ '2.1.0', '2.1.0' ]
41 silly lockFile 4d44fa81-array-flatten-2-1-0 array-flatten@2.1.0
42 verbose lock array-flatten@2.1.0 /Users/mobiledev/.npm/4d44fa81-array-flatten-2-1-0.lock
43 silly lockFile 23bfe5f2--flatten-array-flatten-2-1-0-tgz https://registry.npmjs.org/array-flatten/-/array-flatten-2.1.0.tgz
44 verbose lock https://registry.npmjs.org/array-flatten/-/array-flatten-2.1.0.tgz /Users/mobiledev/.npm/23bfe5f2--flatten-array-flatten-2-1-0-tgz.lock
45 verbose addRemoteTarball [ 'https://registry.npmjs.org/array-flatten/-/array-flatten-2.1.0.tgz',
45 verbose addRemoteTarball   '26a692c83881fc68dac3ec5d1f0c1b49bf2304d9' ]
46 info retry fetch attempt 1 at 16:31:16
47 verbose fetch to= /var/folders/sq/b4gmz4_n46q3kq7hhjc0q27c0000gp/T/npm-42865-EQ-t0LpC/registry.npmjs.org/array-flatten/-/array-flatten-2.1.0.tgz
48 http GET https://registry.npmjs.org/array-flatten/-/array-flatten-2.1.0.tgz
49 error fetch failed https://registry.npmjs.org/array-flatten/-/array-flatten-2.1.0.tgz
50 info retry will retry, error on last attempt: Error: tunneling socket could not be established, cause=140735240151808:error:140770FC:SSL routines:SSL23_GET_SERVER_HELLO:unknown protocol:../deps/openssl/openssl/ssl/s23_clnt.c:795:
51 info retry fetch attempt 2 at 16:31:26
52 verbose fetch to= /var/folders/sq/b4gmz4_n46q3kq7hhjc0q27c0000gp/T/npm-42865-EQ-t0LpC/registry.npmjs.org/array-flatten/-/array-flatten-2.1.0.tgz
53 http GET https://registry.npmjs.org/array-flatten/-/array-flatten-2.1.0.tgz
54 error fetch failed https://registry.npmjs.org/array-flatten/-/array-flatten-2.1.0.tgz
55 info retry will retry, error on last attempt: Error: tunneling socket could not be established, cause=140735240151808:error:140770FC:SSL routines:SSL23_GET_SERVER_HELLO:unknown protocol:../deps/openssl/openssl/ssl/s23_clnt.c:795:
56 info retry fetch attempt 3 at 16:32:26
57 verbose fetch to= /var/folders/sq/b4gmz4_n46q3kq7hhjc0q27c0000gp/T/npm-42865-EQ-t0LpC/registry.npmjs.org/array-flatten/-/array-flatten-2.1.0.tgz
58 http GET https://registry.npmjs.org/array-flatten/-/array-flatten-2.1.0.tgz
59 error fetch failed https://registry.npmjs.org/array-flatten/-/array-flatten-2.1.0.tgz
60 silly lockFile 23bfe5f2--flatten-array-flatten-2-1-0-tgz https://registry.npmjs.org/array-flatten/-/array-flatten-2.1.0.tgz
61 silly lockFile 23bfe5f2--flatten-array-flatten-2-1-0-tgz https://registry.npmjs.org/array-flatten/-/array-flatten-2.1.0.tgz
62 silly lockFile 4d44fa81-array-flatten-2-1-0 array-flatten@2.1.0
63 silly lockFile 4d44fa81-array-flatten-2-1-0 array-flatten@2.1.0
64 silly lockFile 6736a3f4-array-flatten array-flatten@
65 silly lockFile 6736a3f4-array-flatten array-flatten@
66 error network tunneling socket could not be established, cause=140735240151808:error:140770FC:SSL routines:SSL23_GET_SERVER_HELLO:unknown protocol:../deps/openssl/openssl/ssl/s23_clnt.c:795:
66 error network
66 error network This is most likely not a problem with npm itself
66 error network and is related to network connectivity.
66 error network In most cases you are behind a proxy or have bad network settings.
66 error network
66 error network If you are behind a proxy, please make sure that the
66 error network 'proxy' config is set properly.  See: 'npm help config'
67 error System Darwin 14.5.0
68 error command "node" "/usr/local/bin/npm" "install" "array-flatten"
69 error cwd /Users/mobiledev/Weather
70 error node -v v0.10.33
71 error npm -v 1.4.28
72 error code ECONNRESET
73 verbose exit [ 1, true ]
